{"/home/marcoscapistrano/Projects/testes/lint/dist/sum.js": {"path":"/home/marcoscapistrano/Projects/testes/lint/dist/sum.js","all":false,"statementMap":{"0":{"start":{"line":1,"column":0},"end":{"line":1,"column":13}},"1":{"start":{"line":2,"column":0},"end":{"line":2,"column":20}},"2":{"start":{"line":3,"column":0},"end":{"line":3,"column":17}},"3":{"start":{"line":4,"column":0},"end":{"line":4,"column":1}},"4":{"start":{"line":5,"column":0},"end":{"line":5,"column":21}}},"s":{"0":1,"1":11,"2":11,"3":11,"4":1},"branchMap":{"0":{"type":"branch","line":2,"loc":{"start":{"line":2,"column":0},"end":{"line":4,"column":1}},"locations":[{"start":{"line":2,"column":0},"end":{"line":4,"column":1}}]}},"b":{"0":[11]},"fnMap":{"0":{"name":"sum","decl":{"start":{"line":2,"column":0},"end":{"line":4,"column":1}},"loc":{"start":{"line":2,"column":0},"end":{"line":4,"column":1}},"line":2}},"f":{"0":11}}
}
